Arguments: 
  C:\Program Files\nodejs\node.exe C:\Users\Gilbert Daniel\AppData\Roaming\npm\node_modules\yarn\bin\yarn.js install

PATH: 
  C:\Windows\system32;C:\Windows;C:\Windows\System32\Wbem;C:\Windows\System32\WindowsPowerShell\v1.0\;C:\Windows\System32\OpenSSH\;C:\Program Files\Git\cmd;C:\Program Files\PuTTY\;C:\Program Files (x86)\NVIDIA Corporation\PhysX\Common;C:\xampp\mysql\bin;C:\xampp\php;C:\Users\Gilbert Daniel\AppData\Local\Programs\Python\Python36;C:\Users\Gilbert Daniel\AppData\Local\Programs\Python\Python36\Scripts;C:\Program Files\PostgreSQL\13\bin;C:\ProgramData\chocolatey\bin;C:\Program Files\wkhtmltopdf\bin;C:\Program Files\Amazon\AWSCLIV2\;C:\ProgramData\ComposerSetup\bin;C:\Program Files\NVIDIA Corporation\NVIDIA NvDLISR;C:\Program Files\nodejs\;C:\Ruby26-x64\bin;C:\Users\Gilbert Daniel\AppData\Local\Microsoft\WindowsApps;C:\Users\Gilbert Daniel\AppData\Local\GitHubDesktop\bin;C:\Program Files\JetBrains\PyCharm Community Edition 2020.3.3\bin;;C:\flutter\bin;C:\Program Files\PostgreSQL\13\bin;C:\Users\Gilbert Daniel\AppData\Roaming\Composer\vendor\bin;C:\Users\Gilbert Daniel\AppData\Local\Programs\Microsoft VS Code\bin;C:\Users\Gilbert Daniel\AppData\Roaming\npm

Yarn version: 
  1.22.18

Node version: 
  16.15.0

Platform: 
  win32 x64

Trace: 
  Error: 8888:error:1408F119:SSL routines:ssl3_get_record:decryption failed or bad record mac:c:\ws\deps\openssl\openssl\ssl\record\ssl3_record.c:677:

npm manifest: 
  {
    "name": "mealstogo",
    "version": "1.0.0",
    "main": "node_modules/expo/AppEntry.js",
    "scripts": {
      "start": "expo start",
      "android": "expo start --android",
      "ios": "expo start --ios",
      "web": "expo start --web",
      "eject": "expo eject"
    },
    "dependencies": {
      "expo": "~45.0.0",
      "expo-status-bar": "~1.3.0",
      "react": "17.0.2",
      "react-dom": "17.0.2",
      "react-native": "0.68.2",
      "react-native-web": "0.17.7"
    },
    "devDependencies": {
      "@babel/core": "^7.12.9"
    },
    "private": true
  }

yarn manifest: 
  No manifest

Lockfile: 
  No lockfile
